make: Nothing to be done for `default'.
LevelDB:    version 1.18
Date:       Sat Dec 20 16:48:24 2014
CPU:        16 * Intel(R) Xeon(R) CPU           X5560  @ 2.80GHz
CPUCache:   8192 KB
Keys:       16 bytes each
Values:     100 bytes each (50 bytes after compression)
Entries:    1000000
RawSize:    110.6 MB (estimated)
FileSize:   62.9 MB (estimated)
WARNING: Snappy compression is not enabled
------------------------------------------------
Starting recovery
------------
Ending recovery
bytes written 116000000
fillseq      :       1.876 micros/op;   59.0 MB/s
Starting recovery
------------
Ending recovery
bytes written 116000
fillsync     :      12.728 micros/op;    8.7 MB/s (1000 ops)
Starting recovery
------------
Ending recovery
bytes written 116000000
fillrandom   :       3.846 micros/op;   28.8 MB/s
bytes written 116000000
overwrite    :       5.248 micros/op;   21.1 MB/s

                               Compactions
Level  Files Size(MB) Time(sec) Read(MB) Write(MB)
--------------------------------------------------
  0        0        0         3        0       212
  1       21       37         3      347       304
  2       35       69         3      353       291

	Command being timed: "./db_bench --threads=1"
	User time (seconds): 15.17
	System time (seconds): 2.29
	Percent of CPU this job got: 156%
	Elapsed (wall clock) time (h:mm:ss or m:ss): 0:11.17
	Average shared text size (kbytes): 0
	Average unshared data size (kbytes): 0
	Average stack size (kbytes): 0
	Average total size (kbytes): 0
	Maximum resident set size (kbytes): 9186800
	Average resident set size (kbytes): 0
	Major (requiring I/O) page faults: 1
	Minor (reclaiming a frame) page faults: 580645
	Voluntary context switches: 3550
	Involuntary context switches: 1591
	Swaps: 0
	File system inputs: 24
	File system outputs: 0
	Socket messages sent: 0
	Socket messages received: 0
	Signals delivered: 0
	Page size (bytes): 4096
	Exit status: 0
make: Nothing to be done for `default'.
LevelDB:    version 1.18
Date:       Sat Dec 20 16:48:36 2014
CPU:        16 * Intel(R) Xeon(R) CPU           X5560  @ 2.80GHz
CPUCache:   8192 KB
Keys:       16 bytes each
Values:     100 bytes each (50 bytes after compression)
Entries:    1000000
RawSize:    110.6 MB (estimated)
FileSize:   62.9 MB (estimated)
WARNING: Snappy compression is not enabled
------------------------------------------------
Starting recovery
------------
Ending recovery
bytes written 116000000
fillseq      :       1.823 micros/op;   60.7 MB/s
Starting recovery
------------
Ending recovery
bytes written 116000
fillsync     :      11.011 micros/op;   10.0 MB/s (1000 ops)
Starting recovery
------------
Ending recovery
bytes written 116000000
fillrandom   :       3.973 micros/op;   27.8 MB/s
bytes written 116000000
overwrite    :       5.223 micros/op;   21.2 MB/s

                               Compactions
Level  Files Size(MB) Time(sec) Read(MB) Write(MB)
--------------------------------------------------
  0        3        9         3        0       212
  1       14       27         3      324       286
  2       35       69         3      383       314

	Command being timed: "./db_bench --threads=1"
	User time (seconds): 15.99
	System time (seconds): 2.26
	Percent of CPU this job got: 162%
	Elapsed (wall clock) time (h:mm:ss or m:ss): 0:11.21
	Average shared text size (kbytes): 0
	Average unshared data size (kbytes): 0
	Average stack size (kbytes): 0
	Average total size (kbytes): 0
	Maximum resident set size (kbytes): 9217600
	Average resident set size (kbytes): 0
	Major (requiring I/O) page faults: 0
	Minor (reclaiming a frame) page faults: 579586
	Voluntary context switches: 3074
	Involuntary context switches: 1655
	Swaps: 0
	File system inputs: 0
	File system outputs: 0
	Socket messages sent: 0
	Socket messages received: 0
	Signals delivered: 0
	Page size (bytes): 4096
	Exit status: 0
