make: Nothing to be done for `default'.
LevelDB:    version 1.18
Date:       Sat Dec 20 18:19:46 2014
CPU:        16 * Intel(R) Xeon(R) CPU           X5560  @ 2.80GHz
CPUCache:   8192 KB
Keys:       16 bytes each
Values:     100 bytes each (50 bytes after compression)
Entries:    1000000
RawSize:    110.6 MB (estimated)
FileSize:   62.9 MB (estimated)
WARNING: Snappy compression is not enabled
------------------------------------------------
Starting recovery
------------
Ending recovery
bytes written 116000000
fillseq      :       1.709 micros/op;   64.7 MB/s
Starting recovery
------------
Ending recovery
bytes written 116000
fillsync     :      10.917 micros/op;   10.1 MB/s (1000 ops)
Starting recovery
------------
Ending recovery
bytes written 116000000
fillrandom   :       2.485 micros/op;   44.5 MB/s
bytes written 116000000
overwrite    :       3.022 micros/op;   36.6 MB/s

                               Compactions
Level  Files Size(MB) Time(sec) Read(MB) Write(MB)
--------------------------------------------------
  0        6       19         1        0       212
  1        9       15         2      308       277
  2       35       69         2      443       365

	Command being timed: "./db_bench --threads=1"
	User time (seconds): 11.01
	System time (seconds): 0.89
	Percent of CPU this job got: 162%
	Elapsed (wall clock) time (h:mm:ss or m:ss): 0:07.32
	Average shared text size (kbytes): 0
	Average unshared data size (kbytes): 0
	Average stack size (kbytes): 0
	Average total size (kbytes): 0
	Maximum resident set size (kbytes): 9584128
	Average resident set size (kbytes): 0
	Major (requiring I/O) page faults: 0
	Minor (reclaiming a frame) page faults: 605905
	Voluntary context switches: 1675
	Involuntary context switches: 1138
	Swaps: 0
	File system inputs: 0
	File system outputs: 0
	Socket messages sent: 0
	Socket messages received: 0
	Signals delivered: 0
	Page size (bytes): 4096
	Exit status: 0
make: Nothing to be done for `default'.
LevelDB:    version 1.18
Date:       Sat Dec 20 18:19:54 2014
CPU:        16 * Intel(R) Xeon(R) CPU           X5560  @ 2.80GHz
CPUCache:   8192 KB
Keys:       16 bytes each
Values:     100 bytes each (50 bytes after compression)
Entries:    1000000
RawSize:    110.6 MB (estimated)
FileSize:   62.9 MB (estimated)
WARNING: Snappy compression is not enabled
------------------------------------------------
Starting recovery
------------
Ending recovery
bytes written 116000000
fillseq      :       1.691 micros/op;   65.4 MB/s
Starting recovery
------------
Ending recovery
bytes written 116000
fillsync     :      11.004 micros/op;   10.1 MB/s (1000 ops)
Starting recovery
------------
Ending recovery
bytes written 116000000
fillrandom   :       2.489 micros/op;   44.4 MB/s
bytes written 116000000
overwrite    :       3.017 micros/op;   36.7 MB/s

                               Compactions
Level  Files Size(MB) Time(sec) Read(MB) Write(MB)
--------------------------------------------------
  0        7       22         1        0       212
  1        9       14         2      303       273
  2       36       69         2      434       357

	Command being timed: "./db_bench --threads=1"
	User time (seconds): 10.98
	System time (seconds): 0.97
	Percent of CPU this job got: 163%
	Elapsed (wall clock) time (h:mm:ss or m:ss): 0:07.29
	Average shared text size (kbytes): 0
	Average unshared data size (kbytes): 0
	Average stack size (kbytes): 0
	Average total size (kbytes): 0
	Maximum resident set size (kbytes): 9517904
	Average resident set size (kbytes): 0
	Major (requiring I/O) page faults: 0
	Minor (reclaiming a frame) page faults: 602317
	Voluntary context switches: 1607
	Involuntary context switches: 1136
	Swaps: 0
	File system inputs: 0
	File system outputs: 0
	Socket messages sent: 0
	Socket messages received: 0
	Signals delivered: 0
	Page size (bytes): 4096
	Exit status: 0
